

Started GET "/" for 127.0.0.1 at 2014-05-29 13:52:55 -0400
  [1m[36mActiveRecord::SchemaMigration Load (0.6ms)[0m  [1mSELECT "schema_migrations".* FROM "schema_migrations"[0m
Processing by MainController#index as HTML
  Rendered main/index.html.erb within layouts/application (8.4ms)
Completed 200 OK in 659ms (Views: 658.9ms | ActiveRecord: 0.0ms)


Started GET "/assets/application.css?body=1" for 127.0.0.1 at 2014-05-29 13:52:57 -0400


Started GET "/assets/vendor/angular.js?body=1" for 127.0.0.1 at 2014-05-29 13:52:57 -0400


Started GET "/assets/jquery_ujs.js?body=1" for 127.0.0.1 at 2014-05-29 13:52:57 -0400


Started GET "/assets/main.css?body=1" for 127.0.0.1 at 2014-05-29 13:52:57 -0400


Started GET "/assets/normalize.css?body=1" for 127.0.0.1 at 2014-05-29 13:52:57 -0400


Started GET "/assets/jquery.js?body=1" for 127.0.0.1 at 2014-05-29 13:52:57 -0400


Started GET "/assets/vendor/angular-route.js?body=1" for 127.0.0.1 at 2014-05-29 13:52:57 -0400


Started GET "/assets/vendor/angular-resource.js?body=1" for 127.0.0.1 at 2014-05-29 13:52:57 -0400


Started GET "/assets/controllers/main/mainBrowseCtrl.js?body=1" for 127.0.0.1 at 2014-05-29 13:52:57 -0400


Started GET "/assets/controllers/main/mainIndexCtrl.js?body=1" for 127.0.0.1 at 2014-05-29 13:52:57 -0400


Started GET "/assets/controllers/main/mainResultsCtrl.js?body=1" for 127.0.0.1 at 2014-05-29 13:52:57 -0400


Started GET "/assets/freebase/searchbar.js?body=1" for 127.0.0.1 at 2014-05-29 13:52:57 -0400


Started GET "/assets/main.js?body=1" for 127.0.0.1 at 2014-05-29 13:52:57 -0400


Started GET "/assets/application.js?body=1" for 127.0.0.1 at 2014-05-29 13:52:57 -0400


Started GET "/assets/tattle_logo.png" for 127.0.0.1 at 2014-05-29 13:52:57 -0400


Started GET "/assets/tattle_suitcase.png" for 127.0.0.1 at 2014-05-29 13:52:57 -0400


Started GET "/assets/tattle_arrow.png" for 127.0.0.1 at 2014-05-29 13:52:57 -0400


Started GET "/assets/tattle_nyt.png" for 127.0.0.1 at 2014-05-29 13:52:57 -0400


Started GET "/assets/tattle_ribbon.png" for 127.0.0.1 at 2014-05-29 13:52:57 -0400


Started GET "/search?company=Chipotle+Mexican+Grill" for 127.0.0.1 at 2014-05-29 13:53:21 -0400
Processing by MainController#search as HTML
  Parameters: {"company"=>"Chipotle Mexican Grill"}
  [1m[35mCompany Load (13.5ms)[0m  SELECT  "companies".* FROM "companies"  WHERE (name like '%Chipotle Mexican Grill%')  ORDER BY "companies"."id" ASC LIMIT 1
Completed 200 OK in 2210ms (Views: 0.8ms | ActiveRecord: 14.5ms)


Started GET "/children?company=Chipotle+Mexican+Grill" for 127.0.0.1 at 2014-05-29 13:53:39 -0400
Processing by MainController#children as HTML
  Parameters: {"company"=>"Chipotle Mexican Grill"}
Completed 200 OK in 179ms (Views: 0.3ms | ActiveRecord: 0.0ms)


Started GET "/search?company=Starbucks" for 127.0.0.1 at 2014-05-29 13:54:09 -0400
Processing by MainController#search as HTML
  Parameters: {"company"=>"Starbucks"}
  [1m[36mCompany Load (1.1ms)[0m  [1mSELECT  "companies".* FROM "companies"  WHERE (name like '%Starbucks%')  ORDER BY "companies"."id" ASC LIMIT 1[0m
  [1m[35mCertificate Load (4.6ms)[0m  SELECT "certificates".* FROM "certificates" INNER JOIN "certifications" ON "certificates"."id" = "certifications"."certificate_id" WHERE "certifications"."company_id" = $1  [["company_id", 960]]
Completed 200 OK in 2579ms (Views: 2.6ms | ActiveRecord: 33.1ms)


Started GET "/children?company=Starbucks" for 127.0.0.1 at 2014-05-29 13:54:15 -0400
Processing by MainController#children as HTML
  Parameters: {"company"=>"Starbucks"}
Completed 200 OK in 145ms (Views: 0.9ms | ActiveRecord: 0.0ms)


Started GET "/search?company=Toyota+Motor+Corporation" for 127.0.0.1 at 2014-05-29 13:56:14 -0400
Processing by MainController#search as HTML
  Parameters: {"company"=>"Toyota Motor Corporation"}
  [1m[36mCompany Load (8.2ms)[0m  [1mSELECT  "companies".* FROM "companies"  WHERE (name like '%Toyota Motor Corporation%')  ORDER BY "companies"."id" ASC LIMIT 1[0m
  [1m[35mCompany Load (8.0ms)[0m  SELECT  "companies".* FROM "companies"  WHERE (name like '%Toyota Group%')  ORDER BY "companies"."id" ASC LIMIT 1
  [1m[36mCompany Load (12.3ms)[0m  [1mSELECT  "companies".* FROM "companies"  WHERE (name like '%Toyota Industries%')  ORDER BY "companies"."id" ASC LIMIT 1[0m
Completed 200 OK in 4239ms (Views: 103.3ms | ActiveRecord: 28.5ms)


Started GET "/assets/tattle_arrow.png" for 127.0.0.1 at 2014-05-29 13:56:18 -0400


Started GET "/children?company=Toyota+Industries" for 127.0.0.1 at 2014-05-29 13:56:22 -0400
Processing by MainController#children as HTML
  Parameters: {"company"=>"Toyota Industries"}
Completed 200 OK in 145ms (Views: 0.3ms | ActiveRecord: 0.0ms)


Started GET "/children?company=Toyota+Motor+Corporation" for 127.0.0.1 at 2014-05-29 13:56:25 -0400
Processing by MainController#children as HTML
  Parameters: {"company"=>"Toyota Motor Corporation"}
Completed 200 OK in 243ms (Views: 0.4ms | ActiveRecord: 0.0ms)


Started GET "/search?company=Hino+Motors" for 127.0.0.1 at 2014-05-29 13:57:05 -0400
Processing by MainController#search as HTML
  Parameters: {"company"=>"Hino Motors"}
  [1m[35mCompany Load (9.3ms)[0m  SELECT  "companies".* FROM "companies"  WHERE (name like '%Hino Motors%')  ORDER BY "companies"."id" ASC LIMIT 1
  [1m[36mCompany Load (8.1ms)[0m  [1mSELECT  "companies".* FROM "companies"  WHERE (name like '%Toyota Motor Corporation%')  ORDER BY "companies"."id" ASC LIMIT 1[0m
Completed 200 OK in 3270ms (Views: 3.7ms | ActiveRecord: 17.4ms)


Started GET "/assets/tattle_arrow.png" for 127.0.0.1 at 2014-05-29 13:57:08 -0400


Started GET "/children?company=Hino+Motors" for 127.0.0.1 at 2014-05-29 13:57:11 -0400
Processing by MainController#children as HTML
  Parameters: {"company"=>"Hino Motors"}
Completed 500 Internal Server Error in 116ms

NoMethodError (undefined method `[]' for nil:NilClass):
  app/services/freebase_service.rb:11:in `children'
  app/controllers/main_controller.rb:17:in `block (2 levels) in children'
  app/controllers/main_controller.rb:16:in `children'


  Rendered /Users/apprentice/.rbenv/versions/2.0.0-p353/lib/ruby/gems/2.0.0/gems/actionpack-4.1.1/lib/action_dispatch/middleware/templates/rescues/_source.erb (0.6ms)
  Rendered /Users/apprentice/.rbenv/versions/2.0.0-p353/lib/ruby/gems/2.0.0/gems/actionpack-4.1.1/lib/action_dispatch/middleware/templates/rescues/_trace.html.erb (1.0ms)
  Rendered /Users/apprentice/.rbenv/versions/2.0.0-p353/lib/ruby/gems/2.0.0/gems/actionpack-4.1.1/lib/action_dispatch/middleware/templates/rescues/_request_and_response.html.erb (1.6ms)
  Rendered /Users/apprentice/.rbenv/versions/2.0.0-p353/lib/ruby/gems/2.0.0/gems/actionpack-4.1.1/lib/action_dispatch/middleware/templates/rescues/diagnostics.erb within rescues/layout (18.2ms)


Started GET "/search?company=Toyota+Motor+Corporation" for 127.0.0.1 at 2014-05-29 13:57:33 -0400
Processing by MainController#search as HTML
  Parameters: {"company"=>"Toyota Motor Corporation"}
  [1m[35mCompany Load (8.1ms)[0m  SELECT  "companies".* FROM "companies"  WHERE (name like '%Toyota Motor Corporation%')  ORDER BY "companies"."id" ASC LIMIT 1
  [1m[36mCompany Load (8.6ms)[0m  [1mSELECT  "companies".* FROM "companies"  WHERE (name like '%Toyota Group%')  ORDER BY "companies"."id" ASC LIMIT 1[0m
  [1m[35mCompany Load (8.9ms)[0m  SELECT  "companies".* FROM "companies"  WHERE (name like '%Toyota Industries%')  ORDER BY "companies"."id" ASC LIMIT 1
Completed 200 OK in 3929ms (Views: 6.1ms | ActiveRecord: 25.6ms)


Started GET "/assets/tattle_arrow.png" for 127.0.0.1 at 2014-05-29 13:57:37 -0400


Started GET "/children?company=Toyota+Group" for 127.0.0.1 at 2014-05-29 13:57:40 -0400
Processing by MainController#children as HTML
  Parameters: {"company"=>"Toyota Group"}
Completed 200 OK in 160ms (Views: 0.2ms | ActiveRecord: 0.0ms)


Started GET "/children?company=Toyota+Industries" for 127.0.0.1 at 2014-05-29 13:57:43 -0400
Processing by MainController#children as HTML
  Parameters: {"company"=>"Toyota Industries"}
Completed 200 OK in 113ms (Views: 0.2ms | ActiveRecord: 0.0ms)


Started GET "/children?company=Toyota+Motor+Corporation" for 127.0.0.1 at 2014-05-29 13:57:45 -0400
Processing by MainController#children as HTML
  Parameters: {"company"=>"Toyota Motor Corporation"}
Completed 200 OK in 289ms (Views: 0.4ms | ActiveRecord: 0.0ms)


Started GET "/search?company=Hino+Motors" for 127.0.0.1 at 2014-05-29 13:57:47 -0400
Processing by MainController#search as HTML
  Parameters: {"company"=>"Hino Motors"}
  [1m[36mCompany Load (9.5ms)[0m  [1mSELECT  "companies".* FROM "companies"  WHERE (name like '%Hino Motors%')  ORDER BY "companies"."id" ASC LIMIT 1[0m
  [1m[35mCompany Load (8.4ms)[0m  SELECT  "companies".* FROM "companies"  WHERE (name like '%Toyota Motor Corporation%')  ORDER BY "companies"."id" ASC LIMIT 1
Completed 200 OK in 2359ms (Views: 3.1ms | ActiveRecord: 17.9ms)


Started GET "/assets/tattle_arrow.png" for 127.0.0.1 at 2014-05-29 13:57:49 -0400


Started GET "/search?company=Blizzard+Entertainment" for 127.0.0.1 at 2014-05-29 13:58:10 -0400
Processing by MainController#search as HTML
  Parameters: {"company"=>"Blizzard Entertainment"}
  [1m[36mCompany Load (8.3ms)[0m  [1mSELECT  "companies".* FROM "companies"  WHERE (name like '%Blizzard Entertainment%')  ORDER BY "companies"."id" ASC LIMIT 1[0m
  [1m[35mCompany Load (8.0ms)[0m  SELECT  "companies".* FROM "companies"  WHERE (name like '%Independent Company%')  ORDER BY "companies"."id" ASC LIMIT 1
  [1m[36mCompany Load (9.8ms)[0m  [1mSELECT  "companies".* FROM "companies"  WHERE (name like '%Activision Blizzard%')  ORDER BY "companies"."id" ASC LIMIT 1[0m
  [1m[35mCompany Load (9.4ms)[0m  SELECT  "companies".* FROM "companies"  WHERE (name like '%Vivendi Games%')  ORDER BY "companies"."id" ASC LIMIT 1
  [1m[36mCompany Load (14.1ms)[0m  [1mSELECT  "companies".* FROM "companies"  WHERE (name like '%Vivendi%')  ORDER BY "companies"."id" ASC LIMIT 1[0m
  [1m[35mCompany Load (13.5ms)[0m  SELECT  "companies".* FROM "companies"  WHERE (name like '%VG Treasury SAS%')  ORDER BY "companies"."id" ASC LIMIT 1
Completed 200 OK in 7975ms (Views: 10.3ms | ActiveRecord: 63.1ms)


Started GET "/assets/tattle_arrow.png" for 127.0.0.1 at 2014-05-29 13:58:18 -0400


Started GET "/children?company=Vivendi" for 127.0.0.1 at 2014-05-29 13:58:31 -0400
Processing by MainController#children as HTML
  Parameters: {"company"=>"Vivendi"}
Completed 200 OK in 164ms (Views: 0.4ms | ActiveRecord: 0.0ms)


Started GET "/" for 127.0.0.1 at 2014-05-29 13:59:25 -0400
Processing by MainController#index as HTML
  Rendered main/index.html.erb within layouts/application (0.1ms)
Completed 200 OK in 7ms (Views: 7.1ms | ActiveRecord: 0.0ms)


Started GET "/assets/application.css?body=1" for 127.0.0.1 at 2014-05-29 13:59:25 -0400


Started GET "/assets/jquery.js?body=1" for 127.0.0.1 at 2014-05-29 13:59:25 -0400


Started GET "/assets/normalize.css?body=1" for 127.0.0.1 at 2014-05-29 13:59:25 -0400


Started GET "/assets/jquery_ujs.js?body=1" for 127.0.0.1 at 2014-05-29 13:59:25 -0400


Started GET "/assets/main.css?body=1" for 127.0.0.1 at 2014-05-29 13:59:25 -0400


Started GET "/assets/vendor/angular.js?body=1" for 127.0.0.1 at 2014-05-29 13:59:25 -0400


Started GET "/assets/vendor/angular-resource.js?body=1" for 127.0.0.1 at 2014-05-29 13:59:25 -0400


Started GET "/assets/controllers/main/mainBrowseCtrl.js?body=1" for 127.0.0.1 at 2014-05-29 13:59:25 -0400


Started GET "/assets/vendor/angular-route.js?body=1" for 127.0.0.1 at 2014-05-29 13:59:25 -0400


Started GET "/assets/controllers/main/mainIndexCtrl.js?body=1" for 127.0.0.1 at 2014-05-29 13:59:25 -0400


Started GET "/assets/controllers/main/mainResultsCtrl.js?body=1" for 127.0.0.1 at 2014-05-29 13:59:25 -0400


Started GET "/assets/freebase/searchbar.js?body=1" for 127.0.0.1 at 2014-05-29 13:59:25 -0400


Started GET "/assets/main.js?body=1" for 127.0.0.1 at 2014-05-29 13:59:25 -0400


Started GET "/assets/application.js?body=1" for 127.0.0.1 at 2014-05-29 13:59:25 -0400


Started GET "/assets/tattle_logo.png" for 127.0.0.1 at 2014-05-29 13:59:25 -0400


Started GET "/assets/tattle_suitcase.png" for 127.0.0.1 at 2014-05-29 13:59:26 -0400


Started GET "/assets/tattle_ribbon.png" for 127.0.0.1 at 2014-05-29 13:59:26 -0400


Started GET "/assets/tattle_nyt.png" for 127.0.0.1 at 2014-05-29 13:59:26 -0400


Started GET "/assets/tattle_arrow.png" for 127.0.0.1 at 2014-05-29 13:59:26 -0400


Started GET "/search?company=Blizzard+Entertainment" for 127.0.0.1 at 2014-05-29 13:59:28 -0400
Processing by MainController#search as HTML
  Parameters: {"company"=>"Blizzard Entertainment"}
  [1m[36mCompany Load (7.9ms)[0m  [1mSELECT  "companies".* FROM "companies"  WHERE (name like '%Blizzard Entertainment%')  ORDER BY "companies"."id" ASC LIMIT 1[0m
  [1m[35mCompany Load (9.8ms)[0m  SELECT  "companies".* FROM "companies"  WHERE (name like '%Activision Blizzard%')  ORDER BY "companies"."id" ASC LIMIT 1
  [1m[36mCompany Load (7.8ms)[0m  [1mSELECT  "companies".* FROM "companies"  WHERE (name like '%Vivendi Games%')  ORDER BY "companies"."id" ASC LIMIT 1[0m
  [1m[35mCompany Load (8.6ms)[0m  SELECT  "companies".* FROM "companies"  WHERE (name like '%Vivendi%')  ORDER BY "companies"."id" ASC LIMIT 1
  [1m[36mCompany Load (8.2ms)[0m  [1mSELECT  "companies".* FROM "companies"  WHERE (name like '%VG Treasury SAS%')  ORDER BY "companies"."id" ASC LIMIT 1[0m
Completed 200 OK in 5697ms (Views: 2.9ms | ActiveRecord: 43.8ms)


Started GET "/assets/tattle_arrow.png" for 127.0.0.1 at 2014-05-29 13:59:33 -0400


Started GET "/search?company=Strawberry" for 127.0.0.1 at 2014-05-29 14:00:59 -0400
Processing by MainController#search as HTML
  Parameters: {"company"=>"Strawberry"}
  [1m[35mCompany Load (2.5ms)[0m  SELECT  "companies".* FROM "companies"  WHERE (name like '%Strawberry%')  ORDER BY "companies"."id" ASC LIMIT 1
  [1m[36mCertificate Load (3.5ms)[0m  [1mSELECT "certificates".* FROM "certificates" INNER JOIN "certifications" ON "certificates"."id" = "certifications"."certificate_id" WHERE "certifications"."company_id" = $1[0m  [["company_id", 6830]]
Completed 200 OK in 1477ms (Views: 0.4ms | ActiveRecord: 8.6ms)


Started GET "/search?company=Dove" for 127.0.0.1 at 2014-05-29 14:01:09 -0400
Processing by MainController#search as HTML
  Parameters: {"company"=>"Dove"}
  [1m[35mCompany Load (1.1ms)[0m  SELECT  "companies".* FROM "companies"  WHERE (name like '%Dove%')  ORDER BY "companies"."id" ASC LIMIT 1
  [1m[36mCertificate Load (3.7ms)[0m  [1mSELECT "certificates".* FROM "certificates" INNER JOIN "certifications" ON "certificates"."id" = "certifications"."certificate_id" WHERE "certifications"."company_id" = $1[0m  [["company_id", 1255]]
Completed 200 OK in 1313ms (Views: 0.4ms | ActiveRecord: 4.8ms)


Started GET "/search?company=Delta+Air+Lines" for 127.0.0.1 at 2014-05-29 14:02:04 -0400
Processing by MainController#search as HTML
  Parameters: {"company"=>"Delta Air Lines"}
  [1m[35mCompany Load (7.5ms)[0m  SELECT  "companies".* FROM "companies"  WHERE (name like '%Delta Air Lines%')  ORDER BY "companies"."id" ASC LIMIT 1
Completed 200 OK in 2747ms (Views: 3.9ms | ActiveRecord: 7.5ms)


Started GET "/children?company=Delta+Air+Lines" for 127.0.0.1 at 2014-05-29 14:02:09 -0400
Processing by MainController#children as HTML
  Parameters: {"company"=>"Delta Air Lines"}
Completed 200 OK in 172ms (Views: 0.6ms | ActiveRecord: 0.0ms)


Started GET "/search?company=Mazda" for 127.0.0.1 at 2014-05-29 14:14:04 -0400
Processing by MainController#search as HTML
  Parameters: {"company"=>"Mazda"}
  [1m[36mCompany Load (8.4ms)[0m  [1mSELECT  "companies".* FROM "companies"  WHERE (name like '%Mazda%')  ORDER BY "companies"."id" ASC LIMIT 1[0m
Completed 200 OK in 1742ms (Views: 97.2ms | ActiveRecord: 8.4ms)


Started GET "/search?company=Mazda" for 127.0.0.1 at 2014-05-29 14:16:47 -0400
Processing by MainController#search as HTML
  Parameters: {"company"=>"Mazda"}
  [1m[35mCompany Load (11.9ms)[0m  SELECT  "companies".* FROM "companies"  WHERE (name like '%Mazda%')  ORDER BY "companies"."id" ASC LIMIT 1
Completed 200 OK in 2072ms (Views: 2.3ms | ActiveRecord: 13.7ms)


Started GET "/search?company=asfsadf" for 127.0.0.1 at 2014-05-29 14:17:35 -0400
Processing by MainController#search as HTML
  Parameters: {"company"=>"asfsadf"}
  [1m[36mCompany Load (10.2ms)[0m  [1mSELECT  "companies".* FROM "companies"  WHERE (name like '%asfsadf%')  ORDER BY "companies"."id" ASC LIMIT 1[0m
Completed 200 OK in 1602ms (Views: 0.3ms | ActiveRecord: 10.2ms)


Started GET "/search?company=Toyota+Motor+Corporation" for 127.0.0.1 at 2014-05-29 14:18:09 -0400
Processing by MainController#search as HTML
  Parameters: {"company"=>"Toyota Motor Corporation"}
  [1m[35mCompany Load (7.5ms)[0m  SELECT  "companies".* FROM "companies"  WHERE (name like '%Toyota Motor Corporation%')  ORDER BY "companies"."id" ASC LIMIT 1
  [1m[36mCompany Load (7.5ms)[0m  [1mSELECT  "companies".* FROM "companies"  WHERE (name like '%Toyota Group%')  ORDER BY "companies"."id" ASC LIMIT 1[0m
  [1m[35mCompany Load (8.3ms)[0m  SELECT  "companies".* FROM "companies"  WHERE (name like '%Toyota Industries%')  ORDER BY "companies"."id" ASC LIMIT 1
Completed 200 OK in 6731ms (Views: 5.5ms | ActiveRecord: 23.3ms)


Started GET "/assets/tattle_arrow.png" for 127.0.0.1 at 2014-05-29 14:18:16 -0400


Started GET "/children?company=Toyota+Industries" for 127.0.0.1 at 2014-05-29 14:18:29 -0400
Processing by MainController#children as HTML
  Parameters: {"company"=>"Toyota Industries"}
Completed 200 OK in 116ms (Views: 0.4ms | ActiveRecord: 0.0ms)


Started GET "/children?company=Toyota+Group" for 127.0.0.1 at 2014-05-29 14:18:30 -0400
Processing by MainController#children as HTML
  Parameters: {"company"=>"Toyota Group"}
Completed 200 OK in 112ms (Views: 0.3ms | ActiveRecord: 0.0ms)


Started GET "/children?company=Toyota+Motor+Corporation" for 127.0.0.1 at 2014-05-29 14:18:33 -0400
Processing by MainController#children as HTML
  Parameters: {"company"=>"Toyota Motor Corporation"}
Completed 200 OK in 117ms (Views: 0.4ms | ActiveRecord: 0.0ms)


Started GET "/search?company=Yummy+yum+yum" for 127.0.0.1 at 2014-05-29 14:21:02 -0400
Processing by MainController#search as HTML
  Parameters: {"company"=>"Yummy yum yum"}
Completed 500 Internal Server Error in 673ms

TypeError (no implicit conversion of nil into String):
  app/services/freebase_service.rb:27:in `get_description'
  app/services/freebase_service.rb:53:in `search'
  app/controllers/application_controller.rb:9:in `generate_results'
  app/controllers/main_controller.rb:9:in `block (2 levels) in search'
  app/controllers/main_controller.rb:8:in `search'


  Rendered /Users/apprentice/.rbenv/versions/2.0.0-p353/lib/ruby/gems/2.0.0/gems/actionpack-4.1.1/lib/action_dispatch/middleware/templates/rescues/_source.erb (0.8ms)
  Rendered /Users/apprentice/.rbenv/versions/2.0.0-p353/lib/ruby/gems/2.0.0/gems/actionpack-4.1.1/lib/action_dispatch/middleware/templates/rescues/_trace.html.erb (1.3ms)
  Rendered /Users/apprentice/.rbenv/versions/2.0.0-p353/lib/ruby/gems/2.0.0/gems/actionpack-4.1.1/lib/action_dispatch/middleware/templates/rescues/_request_and_response.html.erb (1.6ms)
  Rendered /Users/apprentice/.rbenv/versions/2.0.0-p353/lib/ruby/gems/2.0.0/gems/actionpack-4.1.1/lib/action_dispatch/middleware/templates/rescues/diagnostics.erb within rescues/layout (19.5ms)


Started GET "/search?company=asdfasdf" for 127.0.0.1 at 2014-05-29 14:21:08 -0400
Processing by MainController#search as HTML
  Parameters: {"company"=>"asdfasdf"}
  [1m[36mCompany Load (9.9ms)[0m  [1mSELECT  "companies".* FROM "companies"  WHERE (name like '%asdfasdf%')  ORDER BY "companies"."id" ASC LIMIT 1[0m
Completed 200 OK in 1882ms (Views: 0.3ms | ActiveRecord: 9.9ms)


Started GET "/search?company=Yummy+yum+yum" for 127.0.0.1 at 2014-05-29 14:21:22 -0400
Processing by MainController#search as HTML
  Parameters: {"company"=>"Yummy yum yum"}
Completed 500 Internal Server Error in 118ms

TypeError (no implicit conversion of nil into String):
  app/services/freebase_service.rb:27:in `get_description'
  app/services/freebase_service.rb:53:in `search'
  app/controllers/application_controller.rb:9:in `generate_results'
  app/controllers/main_controller.rb:9:in `block (2 levels) in search'
  app/controllers/main_controller.rb:8:in `search'


  Rendered /Users/apprentice/.rbenv/versions/2.0.0-p353/lib/ruby/gems/2.0.0/gems/actionpack-4.1.1/lib/action_dispatch/middleware/templates/rescues/_source.erb (0.8ms)
  Rendered /Users/apprentice/.rbenv/versions/2.0.0-p353/lib/ruby/gems/2.0.0/gems/actionpack-4.1.1/lib/action_dispatch/middleware/templates/rescues/_trace.html.erb (1.1ms)
  Rendered /Users/apprentice/.rbenv/versions/2.0.0-p353/lib/ruby/gems/2.0.0/gems/actionpack-4.1.1/lib/action_dispatch/middleware/templates/rescues/_request_and_response.html.erb (1.5ms)
  Rendered /Users/apprentice/.rbenv/versions/2.0.0-p353/lib/ruby/gems/2.0.0/gems/actionpack-4.1.1/lib/action_dispatch/middleware/templates/rescues/diagnostics.erb within rescues/layout (18.8ms)


Started GET "/search?company=Yummy+yum+yum" for 127.0.0.1 at 2014-05-29 14:21:54 -0400
Processing by MainController#search as HTML
  Parameters: {"company"=>"Yummy yum yum"}
Completed 500 Internal Server Error in 138ms

NoMethodError (undefined method `description' for nil:NilClass):
  app/services/freebase_service.rb:28:in `get_description'
  app/services/freebase_service.rb:53:in `search'
  app/controllers/application_controller.rb:9:in `generate_results'
  app/controllers/main_controller.rb:9:in `block (2 levels) in search'
  app/controllers/main_controller.rb:8:in `search'


  Rendered /Users/apprentice/.rbenv/versions/2.0.0-p353/lib/ruby/gems/2.0.0/gems/actionpack-4.1.1/lib/action_dispatch/middleware/templates/rescues/_source.erb (0.9ms)
  Rendered /Users/apprentice/.rbenv/versions/2.0.0-p353/lib/ruby/gems/2.0.0/gems/actionpack-4.1.1/lib/action_dispatch/middleware/templates/rescues/_trace.html.erb (1.1ms)
  Rendered /Users/apprentice/.rbenv/versions/2.0.0-p353/lib/ruby/gems/2.0.0/gems/actionpack-4.1.1/lib/action_dispatch/middleware/templates/rescues/_request_and_response.html.erb (1.4ms)
  Rendered /Users/apprentice/.rbenv/versions/2.0.0-p353/lib/ruby/gems/2.0.0/gems/actionpack-4.1.1/lib/action_dispatch/middleware/templates/rescues/diagnostics.erb within rescues/layout (17.5ms)


Started GET "/search?company=Yummy+yum+yum" for 127.0.0.1 at 2014-05-29 14:22:10 -0400
Processing by MainController#search as HTML
  Parameters: {"company"=>"Yummy yum yum"}
Completed 500 Internal Server Error in 121ms

TypeError (no implicit conversion of nil into String):
  app/services/freebase_service.rb:27:in `get_description'
  app/services/freebase_service.rb:53:in `search'
  app/controllers/application_controller.rb:9:in `generate_results'
  app/controllers/main_controller.rb:9:in `block (2 levels) in search'
  app/controllers/main_controller.rb:8:in `search'


  Rendered /Users/apprentice/.rbenv/versions/2.0.0-p353/lib/ruby/gems/2.0.0/gems/actionpack-4.1.1/lib/action_dispatch/middleware/templates/rescues/_source.erb (0.8ms)
  Rendered /Users/apprentice/.rbenv/versions/2.0.0-p353/lib/ruby/gems/2.0.0/gems/actionpack-4.1.1/lib/action_dispatch/middleware/templates/rescues/_trace.html.erb (1.4ms)
  Rendered /Users/apprentice/.rbenv/versions/2.0.0-p353/lib/ruby/gems/2.0.0/gems/actionpack-4.1.1/lib/action_dispatch/middleware/templates/rescues/_request_and_response.html.erb (1.6ms)
  Rendered /Users/apprentice/.rbenv/versions/2.0.0-p353/lib/ruby/gems/2.0.0/gems/actionpack-4.1.1/lib/action_dispatch/middleware/templates/rescues/diagnostics.erb within rescues/layout (114.0ms)


Started GET "/search?company=Yummy+yum+yum" for 127.0.0.1 at 2014-05-29 14:23:20 -0400
Processing by MainController#search as HTML
  Parameters: {"company"=>"Yummy yum yum"}
Completed 500 Internal Server Error in 117ms

TypeError (no implicit conversion of nil into String):
  app/services/freebase_service.rb:27:in `get_description'
  app/services/freebase_service.rb:53:in `search'
  app/controllers/application_controller.rb:9:in `generate_results'
  app/controllers/main_controller.rb:9:in `block (2 levels) in search'
  app/controllers/main_controller.rb:8:in `search'


  Rendered /Users/apprentice/.rbenv/versions/2.0.0-p353/lib/ruby/gems/2.0.0/gems/actionpack-4.1.1/lib/action_dispatch/middleware/templates/rescues/_source.erb (0.8ms)
  Rendered /Users/apprentice/.rbenv/versions/2.0.0-p353/lib/ruby/gems/2.0.0/gems/actionpack-4.1.1/lib/action_dispatch/middleware/templates/rescues/_trace.html.erb (1.1ms)
  Rendered /Users/apprentice/.rbenv/versions/2.0.0-p353/lib/ruby/gems/2.0.0/gems/actionpack-4.1.1/lib/action_dispatch/middleware/templates/rescues/_request_and_response.html.erb (1.6ms)
  Rendered /Users/apprentice/.rbenv/versions/2.0.0-p353/lib/ruby/gems/2.0.0/gems/actionpack-4.1.1/lib/action_dispatch/middleware/templates/rescues/diagnostics.erb within rescues/layout (19.6ms)


Started GET "/search?company=Yummy+yum+yum" for 127.0.0.1 at 2014-05-29 14:23:52 -0400
Processing by MainController#search as HTML
  Parameters: {"company"=>"Yummy yum yum"}
Completed 500 Internal Server Error in 151ms

TypeError (no implicit conversion of nil into String):
  app/services/freebase_service.rb:27:in `get_description'
  app/services/freebase_service.rb:54:in `search'
  app/controllers/application_controller.rb:9:in `generate_results'
  app/controllers/main_controller.rb:9:in `block (2 levels) in search'
  app/controllers/main_controller.rb:8:in `search'


  Rendered /Users/apprentice/.rbenv/versions/2.0.0-p353/lib/ruby/gems/2.0.0/gems/actionpack-4.1.1/lib/action_dispatch/middleware/templates/rescues/_source.erb (1.0ms)
  Rendered /Users/apprentice/.rbenv/versions/2.0.0-p353/lib/ruby/gems/2.0.0/gems/actionpack-4.1.1/lib/action_dispatch/middleware/templates/rescues/_trace.html.erb (1.3ms)
  Rendered /Users/apprentice/.rbenv/versions/2.0.0-p353/lib/ruby/gems/2.0.0/gems/actionpack-4.1.1/lib/action_dispatch/middleware/templates/rescues/_request_and_response.html.erb (1.8ms)
  Rendered /Users/apprentice/.rbenv/versions/2.0.0-p353/lib/ruby/gems/2.0.0/gems/actionpack-4.1.1/lib/action_dispatch/middleware/templates/rescues/diagnostics.erb within rescues/layout (19.0ms)


Started GET "/search?company=Yummy+yum+yum" for 127.0.0.1 at 2014-05-29 14:24:07 -0400
Processing by MainController#search as HTML
  Parameters: {"company"=>"Yummy yum yum"}
Completed 500 Internal Server Error in 240ms

TypeError (no implicit conversion of nil into String):
  app/services/freebase_service.rb:27:in `get_description'
  app/services/freebase_service.rb:54:in `search'
  app/controllers/application_controller.rb:9:in `generate_results'
  app/controllers/main_controller.rb:9:in `block (2 levels) in search'
  app/controllers/main_controller.rb:8:in `search'


  Rendered /Users/apprentice/.rbenv/versions/2.0.0-p353/lib/ruby/gems/2.0.0/gems/actionpack-4.1.1/lib/action_dispatch/middleware/templates/rescues/_source.erb (1.6ms)
  Rendered /Users/apprentice/.rbenv/versions/2.0.0-p353/lib/ruby/gems/2.0.0/gems/actionpack-4.1.1/lib/action_dispatch/middleware/templates/rescues/_trace.html.erb (2.1ms)
  Rendered /Users/apprentice/.rbenv/versions/2.0.0-p353/lib/ruby/gems/2.0.0/gems/actionpack-4.1.1/lib/action_dispatch/middleware/templates/rescues/_request_and_response.html.erb (2.4ms)
  Rendered /Users/apprentice/.rbenv/versions/2.0.0-p353/lib/ruby/gems/2.0.0/gems/actionpack-4.1.1/lib/action_dispatch/middleware/templates/rescues/diagnostics.erb within rescues/layout (29.2ms)


Started GET "/search?company=Yummy+yum+yum" for 127.0.0.1 at 2014-05-29 14:24:26 -0400
Processing by MainController#search as HTML
  Parameters: {"company"=>"Yummy yum yum"}
Completed 500 Internal Server Error in 700ms

FreebaseAPI::ServiceError (Unique query may have at most one result. Got 100):
  app/services/freebase_service.rb:37:in `get_parents'
  app/services/freebase_service.rb:41:in `populate_parents'
  app/services/freebase_service.rb:55:in `search'
  app/controllers/application_controller.rb:9:in `generate_results'
  app/controllers/main_controller.rb:9:in `block (2 levels) in search'
  app/controllers/main_controller.rb:8:in `search'


  Rendered /Users/apprentice/.rbenv/versions/2.0.0-p353/lib/ruby/gems/2.0.0/gems/actionpack-4.1.1/lib/action_dispatch/middleware/templates/rescues/_source.erb (0.7ms)
  Rendered /Users/apprentice/.rbenv/versions/2.0.0-p353/lib/ruby/gems/2.0.0/gems/actionpack-4.1.1/lib/action_dispatch/middleware/templates/rescues/_trace.html.erb (1.4ms)
  Rendered /Users/apprentice/.rbenv/versions/2.0.0-p353/lib/ruby/gems/2.0.0/gems/actionpack-4.1.1/lib/action_dispatch/middleware/templates/rescues/_request_and_response.html.erb (2.3ms)
  Rendered /Users/apprentice/.rbenv/versions/2.0.0-p353/lib/ruby/gems/2.0.0/gems/actionpack-4.1.1/lib/action_dispatch/middleware/templates/rescues/diagnostics.erb within rescues/layout (19.7ms)


Started GET "/search?company=Yummy+yum+yum" for 127.0.0.1 at 2014-05-29 14:24:45 -0400
Processing by MainController#search as HTML
  Parameters: {"company"=>"Yummy yum yum"}
  [1m[35mCompany Load (7.9ms)[0m  SELECT  "companies".* FROM "companies"  WHERE (name like '%Yummy yum yum%')  ORDER BY "companies"."id" ASC LIMIT 1
Completed 200 OK in 533ms (Views: 0.4ms | ActiveRecord: 9.2ms)


Started GET "/" for 127.0.0.1 at 2014-05-29 14:27:15 -0400
  [1m[36mActiveRecord::SchemaMigration Load (0.5ms)[0m  [1mSELECT "schema_migrations".* FROM "schema_migrations"[0m
Processing by MainController#index as HTML
  Rendered main/index.html.erb within layouts/application (1.2ms)
Completed 200 OK in 252ms (Views: 252.1ms | ActiveRecord: 0.0ms)


Started GET "/assets/jquery_ujs.js?body=1" for 127.0.0.1 at 2014-05-29 14:27:16 -0400


Started GET "/assets/application.css?body=1" for 127.0.0.1 at 2014-05-29 14:27:16 -0400


Started GET "/assets/jquery.js?body=1" for 127.0.0.1 at 2014-05-29 14:27:16 -0400


Started GET "/assets/vendor/angular.js?body=1" for 127.0.0.1 at 2014-05-29 14:27:16 -0400


Started GET "/assets/normalize.css?body=1" for 127.0.0.1 at 2014-05-29 14:27:16 -0400


Started GET "/assets/vendor/angular-route.js?body=1" for 127.0.0.1 at 2014-05-29 14:27:16 -0400


Started GET "/assets/controllers/main/mainBrowseCtrl.js?body=1" for 127.0.0.1 at 2014-05-29 14:27:16 -0400


Started GET "/assets/vendor/angular-resource.js?body=1" for 127.0.0.1 at 2014-05-29 14:27:16 -0400


Started GET "/assets/controllers/main/mainIndexCtrl.js?body=1" for 127.0.0.1 at 2014-05-29 14:27:16 -0400


Started GET "/assets/controllers/main/mainResultsCtrl.js?body=1" for 127.0.0.1 at 2014-05-29 14:27:16 -0400


Started GET "/assets/freebase/searchbar.js?body=1" for 127.0.0.1 at 2014-05-29 14:27:16 -0400


Started GET "/assets/application.js?body=1" for 127.0.0.1 at 2014-05-29 14:27:16 -0400


Started GET "/assets/main.css?body=1" for 127.0.0.1 at 2014-05-29 14:27:16 -0400


Started GET "/assets/main.js?body=1" for 127.0.0.1 at 2014-05-29 14:27:16 -0400


Started GET "/assets/tattle_logo.png" for 127.0.0.1 at 2014-05-29 14:27:16 -0400


Started GET "/assets/tattle_suitcase.png" for 127.0.0.1 at 2014-05-29 14:27:16 -0400


Started GET "/assets/tattle_arrow.png" for 127.0.0.1 at 2014-05-29 14:27:16 -0400


Started GET "/assets/tattle_ribbon.png" for 127.0.0.1 at 2014-05-29 14:27:16 -0400


Started GET "/assets/tattle_nyt.png" for 127.0.0.1 at 2014-05-29 14:27:16 -0400


Started GET "/search?company=yummy+yum+yum" for 127.0.0.1 at 2014-05-29 14:27:21 -0400
Processing by MainController#search as HTML
  Parameters: {"company"=>"yummy yum yum"}
  [1m[35mCompany Load (11.5ms)[0m  SELECT  "companies".* FROM "companies"  WHERE (name like '%yummy yum yum%')  ORDER BY "companies"."id" ASC LIMIT 1
Completed 200 OK in 774ms (Views: 0.3ms | ActiveRecord: 12.8ms)


Started GET "/search?company=Mazda" for 127.0.0.1 at 2014-05-29 14:27:29 -0400
Processing by MainController#search as HTML
  Parameters: {"company"=>"Mazda"}
  [1m[36mCompany Load (8.0ms)[0m  [1mSELECT  "companies".* FROM "companies"  WHERE (name like '%Mazda%')  ORDER BY "companies"."id" ASC LIMIT 1[0m
Completed 200 OK in 2037ms (Views: 1.9ms | ActiveRecord: 8.0ms)


Started GET "/search?company=Toyota+Motor+Corporation" for 127.0.0.1 at 2014-05-29 14:27:37 -0400
Processing by MainController#search as HTML
  Parameters: {"company"=>"Toyota Motor Corporation"}
  [1m[35mCompany Load (8.2ms)[0m  SELECT  "companies".* FROM "companies"  WHERE (name like '%Toyota Motor Corporation%')  ORDER BY "companies"."id" ASC LIMIT 1
  [1m[36mCompany Load (8.8ms)[0m  [1mSELECT  "companies".* FROM "companies"  WHERE (name like '%Toyota Group%')  ORDER BY "companies"."id" ASC LIMIT 1[0m
  [1m[35mCompany Load (8.2ms)[0m  SELECT  "companies".* FROM "companies"  WHERE (name like '%Toyota Industries%')  ORDER BY "companies"."id" ASC LIMIT 1
Completed 200 OK in 3937ms (Views: 6.6ms | ActiveRecord: 25.2ms)


Started GET "/assets/tattle_arrow.png" for 127.0.0.1 at 2014-05-29 14:27:41 -0400


Started GET "/children?company=Toyota+Motor+Corporation" for 127.0.0.1 at 2014-05-29 14:27:46 -0400
Processing by MainController#children as HTML
  Parameters: {"company"=>"Toyota Motor Corporation"}
Completed 200 OK in 116ms (Views: 0.3ms | ActiveRecord: 0.0ms)


Started GET "/children?company=Toyota+Group" for 127.0.0.1 at 2014-05-29 14:27:51 -0400
Processing by MainController#children as HTML
  Parameters: {"company"=>"Toyota Group"}
Completed 200 OK in 116ms (Views: 0.3ms | ActiveRecord: 0.0ms)


Started GET "/children?company=Toyota+Industries" for 127.0.0.1 at 2014-05-29 14:27:53 -0400
Processing by MainController#children as HTML
  Parameters: {"company"=>"Toyota Industries"}
Completed 200 OK in 115ms (Views: 0.2ms | ActiveRecord: 0.0ms)


Started GET "/search?company=Unilever" for 127.0.0.1 at 2014-05-29 14:34:37 -0400
Processing by MainController#search as HTML
  Parameters: {"company"=>"Unilever"}
Completed 500 Internal Server Error in 2ms

SyntaxError (/Users/apprentice/Desktop/CCFinal/ConsciousConsumer-1/app/services/freebase_service.rb:11: syntax error, unexpected ',', expecting '}'
...onship["child"][0].gsup{"amp;", ""} }.uniq
...                               ^):
  app/controllers/application_controller.rb:8:in `generate_results'
  app/controllers/main_controller.rb:9:in `block (2 levels) in search'
  app/controllers/main_controller.rb:8:in `search'


  Rendered /Users/apprentice/.rbenv/versions/2.0.0-p353/lib/ruby/gems/2.0.0/gems/actionpack-4.1.1/lib/action_dispatch/middleware/templates/rescues/_source.erb (0.7ms)
  Rendered /Users/apprentice/.rbenv/versions/2.0.0-p353/lib/ruby/gems/2.0.0/gems/actionpack-4.1.1/lib/action_dispatch/middleware/templates/rescues/_trace.html.erb (1.1ms)
  Rendered /Users/apprentice/.rbenv/versions/2.0.0-p353/lib/ruby/gems/2.0.0/gems/actionpack-4.1.1/lib/action_dispatch/middleware/templates/rescues/_request_and_response.html.erb (1.8ms)
  Rendered /Users/apprentice/.rbenv/versions/2.0.0-p353/lib/ruby/gems/2.0.0/gems/actionpack-4.1.1/lib/action_dispatch/middleware/templates/rescues/diagnostics.erb within rescues/layout (22.0ms)


Started GET "/search?company=Unilever" for 127.0.0.1 at 2014-05-29 14:34:52 -0400
Processing by MainController#search as HTML
  Parameters: {"company"=>"Unilever"}
Completed 500 Internal Server Error in 1ms

SyntaxError (/Users/apprentice/Desktop/CCFinal/ConsciousConsumer-1/app/services/freebase_service.rb:11: syntax error, unexpected ',', expecting '}'
...onship["child"][0].gsub{"amp;", ""} }.uniq
...                               ^):
  app/controllers/application_controller.rb:8:in `generate_results'
  app/controllers/main_controller.rb:9:in `block (2 levels) in search'
  app/controllers/main_controller.rb:8:in `search'


  Rendered /Users/apprentice/.rbenv/versions/2.0.0-p353/lib/ruby/gems/2.0.0/gems/actionpack-4.1.1/lib/action_dispatch/middleware/templates/rescues/_source.erb (0.5ms)
  Rendered /Users/apprentice/.rbenv/versions/2.0.0-p353/lib/ruby/gems/2.0.0/gems/actionpack-4.1.1/lib/action_dispatch/middleware/templates/rescues/_trace.html.erb (1.2ms)
  Rendered /Users/apprentice/.rbenv/versions/2.0.0-p353/lib/ruby/gems/2.0.0/gems/actionpack-4.1.1/lib/action_dispatch/middleware/templates/rescues/_request_and_response.html.erb (2.6ms)
  Rendered /Users/apprentice/.rbenv/versions/2.0.0-p353/lib/ruby/gems/2.0.0/gems/actionpack-4.1.1/lib/action_dispatch/middleware/templates/rescues/diagnostics.erb within rescues/layout (19.8ms)


Started GET "/search?company=Unilever" for 127.0.0.1 at 2014-05-29 14:35:29 -0400
Processing by MainController#search as HTML
  Parameters: {"company"=>"Unilever"}
  [1m[36mCompany Load (2.0ms)[0m  [1mSELECT  "companies".* FROM "companies"  WHERE (name like '%Unilever%')  ORDER BY "companies"."id" ASC LIMIT 1[0m
  [1m[35mCertificate Load (5.4ms)[0m  SELECT "certificates".* FROM "certificates" INNER JOIN "certifications" ON "certificates"."id" = "certifications"."certificate_id" WHERE "certifications"."company_id" = $1  [["company_id", 7175]]
  [1m[36mCompany Load (10.0ms)[0m  [1mSELECT  "companies".* FROM "companies"  WHERE (name like '%Unilever plc%')  ORDER BY "companies"."id" ASC LIMIT 1[0m
Completed 200 OK in 3915ms (Views: 2.4ms | ActiveRecord: 21.7ms)


Started GET "/assets/tattle_arrow.png" for 127.0.0.1 at 2014-05-29 14:35:33 -0400


Started GET "/children?company=Unilever" for 127.0.0.1 at 2014-05-29 14:35:35 -0400
Processing by MainController#children as HTML
  Parameters: {"company"=>"Unilever"}
Completed 200 OK in 124ms (Views: 0.4ms | ActiveRecord: 0.0ms)


Started GET "/search?company=Ben+%26+Jerry%27s" for 127.0.0.1 at 2014-05-29 14:35:36 -0400
Processing by MainController#search as HTML
  Parameters: {"company"=>"Ben & Jerry's"}
  [1m[35mCompany Load (8.7ms)[0m  SELECT  "companies".* FROM "companies"  WHERE (name like '%Ben & Jerry''s%')  ORDER BY "companies"."id" ASC LIMIT 1
  [1m[36mCompany Load (2.2ms)[0m  [1mSELECT  "companies".* FROM "companies"  WHERE (name like '%Unilever%')  ORDER BY "companies"."id" ASC LIMIT 1[0m
  [1m[35mCertificate Load (3.3ms)[0m  SELECT "certificates".* FROM "certificates" INNER JOIN "certifications" ON "certificates"."id" = "certifications"."certificate_id" WHERE "certifications"."company_id" = $1  [["company_id", 7175]]
Completed 200 OK in 3370ms (Views: 2.6ms | ActiveRecord: 14.2ms)


Started GET "/assets/tattle_arrow.png" for 127.0.0.1 at 2014-05-29 14:35:39 -0400
